<?xml version="1.0" encoding="UTF-8"?>
<testsuite xmlns:xsi="http://www.w3.org/2001/XMLSchema-instance" xsi:noNamespaceSchemaLocation="https://maven.apache.org/surefire/maven-surefire-plugin/xsd/surefire-test-report-3.0.xsd" version="3.0" name="twitter default login" time="739.691" tests="6" errors="0" skipped="0" failures="0">
  <properties>
[...]
</properties>
  <testcase name="&quot;Chrome&quot; browser is opened" classname="twitter default login" time="17.121">
    <system-out><![CDATA[
@mobile
Scenario: twitter default login                              # src/test/java/features/celeb1.feature:7
before mobile
2022-02-05 00:38:50,292 [main                  ] INFO                     io.github.bonigarcia.wdm.WebDriverManager Using chromedriver 98.0.4758.48 (resolved driver for Chrome 98)
2022-02-05 00:38:50,345 [main                  ] INFO                     io.github.bonigarcia.wdm.WebDriverManager Exporting webdriver.chrome.driver as C:\Users\praka\.cache\selenium\chromedriver\win32\98.0.4758.48\chromedriver.exe
]]></system-out>
    <system-err><![CDATA[Feb 05, 2022 12:38:41 AM org.openqa.selenium.remote.DesiredCapabilities chrome
INFO: Using `new ChromeOptions()` is preferred to `DesiredCapabilities.chrome()`
Starting ChromeDriver 98.0.4758.48 (d869ab3eda60629b9fabbd4e30c0f833466c83fd-refs/branch-heads/4758@{#415}) on port 43087
Only local connections are allowed.
Please see https://chromedriver.chromium.org/security-considerations for suggestions on keeping ChromeDriver safe.
ChromeDriver was started successfully.
Feb 05, 2022 12:38:56 AM org.openqa.selenium.remote.ProtocolHandshake createSession
INFO: Detected dialect: W3C
]]></system-err>
  </testcase>
  <testcase name="Celeb twitter page is of &quot;BCCI&quot;" classname="twitter default login" time="721.269">
    <system-out><![CDATA[  Given "Chrome" browser is opened                           # stepDefinitions.stepDefinition.something_browser_is_opened(java.lang.String)
After formatting: 04-02-2022 16:30:29
04-02-2022 16:30:29 date is good
----->https://pbs.twimg.com/media/FKw9Gx0UYAgwLLJ?format=jpg&name=medium
----->https://pbs.twimg.com/media/FKxBKypUUAE7T4q?format=jpg&name=medium
----->https://pbs.twimg.com/media/FKxBMA6UcAQnMg-?format=jpg&name=medium
Coached by the legendary Rahul Dravid & captained 
Dimension x and y :1936 1066
After formatting: 04-02-2022 14:33:40
04-02-2022 14:33:40 date is good
----->https://pbs.twimg.com/media/FKwmUaOacAQ6pyY?format=jpg&name=medium
----->https://pbs.twimg.com/media/FKwmiNZakAAxApz?format=jpg&name=medium
----->https://pbs.twimg.com/media/FKwmi9qacAM8s4B?format=jpg&name=medium
----->https://pbs.twimg.com/media/FKwmpnTakAAIxFF?format=jpg&name=medium
#TeamIndia begin preps in Ahmedabad ahead of the O
Dimension x and y :1936 1066
After formatting: 04-02-2022 11:59:18
04-02-2022 11:59:18 date is good
----->https://pbs.twimg.com/media/FKwB-aWaMAI_9-W?format=jpg&name=medium
----->https://pbs.twimg.com/media/FKwCAe8acAgRwpP?format=jpg&name=large
Captain  scored a ton in the Final as India bagged
Dimension x and y :1936 1066
After formatting: 04-02-2022 09:28:59
04-02-2022 09:28:59 date is good
----->https://pbs.twimg.com/media/FKvc63EVkAEop-o?format=jpg&name=large
----->https://pbs.twimg.com/media/FKvc75dVkAMCWf1?format=jpg&name=large
In 2008, the -led side won India's second #U19CWC 
Dimension x and y :1936 1066
After formatting: 04-02-2022 09:08:15
04-02-2022 09:08:15 date is good
The champion -  - was the Player of the Tournament
Dimension x and y :1936 1066
After formatting: 04-02-2022 06:42:13
04-02-2022 06:42:13 date is good
----->https://pbs.twimg.com/media/FKu2H97agAE4S2G?format=jpg&name=large
----->https://pbs.twimg.com/media/FKu2H94akAEGKgV?format=jpg&name=small
As we get ready for the #U19CWC 2022 Final, let's 
Dimension x and y :1936 1066
]]></system-out>
  </testcase>
  <testcase name="User log in into application using &quot;joe&quot; and &quot;joe123&quot;" classname="twitter default login" time="0.001">
    <system-out><![CDATA[  Given Celeb twitter page is of "BCCI"                      # stepDefinitions.stepDefinition.celeb_twitter_page_is_of_something(java.lang.String)
joe
joe123
]]></system-out>
  </testcase>
  <testcase name="Homepage is populated" classname="twitter default login" time="0">
    <system-out><![CDATA[  When User log in into application using "joe" and "joe123" # stepDefinitions.stepDefinition.user_log_in_into_application_using_something_and_something(java.lang.String,java.lang.String)
]]></system-out>
  </testcase>
  <testcase name="Cards displayed &quot;true&quot;" classname="twitter default login" time="0">
    <system-out><![CDATA[  Then Homepage is populated                                 # stepDefinitions.stepDefinition.homepage_is_populated()
true
]]></system-out>
  </testcase>
  <testcase name="" classname="twitter default login" time="0.002">
    <system-out><![CDATA[  And Cards displayed "true"                                 # stepDefinitions.stepDefinition.cards_displayed_something(java.lang.String)
After mobile
]]></system-out>
  </testcase>
</testsuite>