<?xml version="1.0" encoding="UTF-8"?>
<testsuite xmlns:xsi="http://www.w3.org/2001/XMLSchema-instance" xsi:noNamespaceSchemaLocation="https://maven.apache.org/surefire/maven-surefire-plugin/xsd/surefire-test-report-3.0.xsd" version="3.0" name="Home page default login #8" time="2.472" tests="35" errors="0" skipped="0" failures="0">
  <properties>
[...]
</properties>
  <testcase name="User is on netbanking login page" classname="Home page default login #1" time="0.009">
    <system-out><![CDATA[
@mobile
Scenario: Home page default login                            # src/test/java/features/login.feature:9
before mobile
User is on netbanking login page success
]]></system-out>
  </testcase>
  <testcase name="User log in into application using &quot;joe&quot; and &quot;joe123&quot;" classname="Home page default login #1" time="0.003">
    <system-out><![CDATA[  Given User is on netbanking login page                     # stepDefinitions.stepDefinition.user_is_on_netbanking_login_page()
joe
joe123
]]></system-out>
  </testcase>
  <testcase name="Homepage is populated" classname="Home page default login #1" time="0">
    <system-out><![CDATA[  When User log in into application using "joe" and "joe123" # stepDefinitions.stepDefinition.user_log_in_into_application_using_something_and_something(java.lang.String,java.lang.String)
]]></system-out>
  </testcase>
  <testcase name="Cards displayed &quot;true&quot;" classname="Home page default login #1" time="0.001">
    <system-out><![CDATA[  Then Homepage is populated                                 # stepDefinitions.stepDefinition.homepage_is_populated()
true
]]></system-out>
  </testcase>
  <testcase name="" classname="Home page default login #1" time="0.022">
    <system-out><![CDATA[  And Cards displayed "true"                                 # stepDefinitions.stepDefinition.cards_displayed_something(java.lang.String)
After mobile
]]></system-out>
  </testcase>
  <testcase name="User is on netbanking login page" classname="Home page default login #3" time="0.004">
    <system-out><![CDATA[
@mobile
Scenario: Home page default login          # src/test/java/features/login.feature:23
before mobile
User is on netbanking login page success
]]></system-out>
  </testcase>
  <testcase name="User sign up with following details" classname="Home page default login #3" time="0.115">
    <system-out><![CDATA[  Given User is on netbanking login page   # stepDefinitions.stepDefinition.user_is_on_netbanking_login_page()
joe
root
England
9999454510
25
joe@gmail.com
]]></system-out>
  </testcase>
  <testcase name="Homepage is populated" classname="Home page default login #3" time="0">
    <system-out><![CDATA[  When User sign up with following details # stepDefinitions.stepDefinition.user_sign_up_with_following_details(io.cucumber.datatable.DataTable)
]]></system-out>
  </testcase>
  <testcase name="Cards displayed &quot;false&quot;" classname="Home page default login #3" time="0.001">
    <system-out><![CDATA[  Then Homepage is populated               # stepDefinitions.stepDefinition.homepage_is_populated()
false
]]></system-out>
  </testcase>
  <testcase name="" classname="Home page default login #3" time="0.004">
    <system-out><![CDATA[  And Cards displayed "false"              # stepDefinitions.stepDefinition.cards_displayed_something(java.lang.String)
After mobile
]]></system-out>
  </testcase>
  <testcase name="User is on netbanking login page" classname="Home page default login #4" time="0.014">
    <system-out><![CDATA[
@smoke @sanity @mobile
Scenario Outline: Home page default login               # src/test/java/features/login.feature:38
before mobile
User is on netbanking login page success
]]></system-out>
  </testcase>
  <testcase name="User log in into application with moe and moe123" classname="Home page default login #4" time="0.002">
    <system-out><![CDATA[  Given User is on netbanking login page                # stepDefinitions.stepDefinition.user_is_on_netbanking_login_page()
moe
moe123
]]></system-out>
  </testcase>
  <testcase name="Homepage is populated" classname="Home page default login #4" time="0">
    <system-out><![CDATA[  When User log in into application with moe and moe123 # stepDefinitions.stepDefinition.user_log_in_into_application_with_and(java.lang.String,java.lang.String)
]]></system-out>
  </testcase>
  <testcase name="Cards displayed &quot;false&quot;" classname="Home page default login #4" time="0">
    <system-out><![CDATA[  Then Homepage is populated                            # stepDefinitions.stepDefinition.homepage_is_populated()
false
]]></system-out>
  </testcase>
  <testcase name="" classname="Home page default login #4" time="0.002">
    <system-out><![CDATA[  And Cards displayed "false"                           # stepDefinitions.stepDefinition.cards_displayed_something(java.lang.String)
After mobile
]]></system-out>
  </testcase>
  <testcase name="User is on netbanking login page" classname="Home page default login #5" time="0.002">
    <system-out><![CDATA[
@smoke @sanity @mobile
Scenario Outline: Home page default login               # src/test/java/features/login.feature:39
before mobile
User is on netbanking login page success
]]></system-out>
  </testcase>
  <testcase name="User log in into application with toe and toe123" classname="Home page default login #5" time="0.001">
    <system-out><![CDATA[  Given User is on netbanking login page                # stepDefinitions.stepDefinition.user_is_on_netbanking_login_page()
toe
toe123
]]></system-out>
  </testcase>
  <testcase name="Homepage is populated" classname="Home page default login #5" time="0">
    <system-out><![CDATA[  When User log in into application with toe and toe123 # stepDefinitions.stepDefinition.user_log_in_into_application_with_and(java.lang.String,java.lang.String)
]]></system-out>
  </testcase>
  <testcase name="Cards displayed &quot;false&quot;" classname="Home page default login #5" time="0.003">
    <system-out><![CDATA[  Then Homepage is populated                            # stepDefinitions.stepDefinition.homepage_is_populated()
false
]]></system-out>
  </testcase>
  <testcase name="" classname="Home page default login #5" time="0.012">
    <system-out><![CDATA[  And Cards displayed "false"                           # stepDefinitions.stepDefinition.cards_displayed_something(java.lang.String)
After mobile
]]></system-out>
  </testcase>
  <testcase name="User is on netbanking login page" classname="Home page default login #6" time="0.004">
    <system-out><![CDATA[
@smoke @sanity @mobile
Scenario Outline: Home page default login               # src/test/java/features/login.feature:40
before mobile
User is on netbanking login page success
]]></system-out>
  </testcase>
  <testcase name="User log in into application with loe and loe123" classname="Home page default login #6" time="0.001">
    <system-out><![CDATA[  Given User is on netbanking login page                # stepDefinitions.stepDefinition.user_is_on_netbanking_login_page()
loe
loe123
]]></system-out>
  </testcase>
  <testcase name="Homepage is populated" classname="Home page default login #6" time="0">
    <system-out><![CDATA[  When User log in into application with loe and loe123 # stepDefinitions.stepDefinition.user_log_in_into_application_with_and(java.lang.String,java.lang.String)
]]></system-out>
  </testcase>
  <testcase name="Cards displayed &quot;false&quot;" classname="Home page default login #6" time="0">
    <system-out><![CDATA[  Then Homepage is populated                            # stepDefinitions.stepDefinition.homepage_is_populated()
false
]]></system-out>
  </testcase>
  <testcase name="" classname="Home page default login #6" time="0.002">
    <system-out><![CDATA[  And Cards displayed "false"                           # stepDefinitions.stepDefinition.cards_displayed_something(java.lang.String)
After mobile
]]></system-out>
  </testcase>
  <testcase name="User is on netbanking login page" classname="Home page default login #7" time="0.018">
    <system-out><![CDATA[
@smoke @sanity @mobile
Scenario Outline: Home page default login               # src/test/java/features/login.feature:41
before mobile
User is on netbanking login page success
]]></system-out>
  </testcase>
  <testcase name="User log in into application with noe and noe123" classname="Home page default login #7" time="0.004">
    <system-out><![CDATA[  Given User is on netbanking login page                # stepDefinitions.stepDefinition.user_is_on_netbanking_login_page()
noe
noe123
]]></system-out>
  </testcase>
  <testcase name="Homepage is populated" classname="Home page default login #7" time="0">
    <system-out><![CDATA[  When User log in into application with noe and noe123 # stepDefinitions.stepDefinition.user_log_in_into_application_with_and(java.lang.String,java.lang.String)
]]></system-out>
  </testcase>
  <testcase name="Cards displayed &quot;false&quot;" classname="Home page default login #7" time="0.105">
    <system-out><![CDATA[  Then Homepage is populated                            # stepDefinitions.stepDefinition.homepage_is_populated()
false
]]></system-out>
  </testcase>
  <testcase name="" classname="Home page default login #7" time="0.202">
    <system-out><![CDATA[  And Cards displayed "false"                           # stepDefinitions.stepDefinition.cards_displayed_something(java.lang.String)
After mobile
]]></system-out>
  </testcase>
  <testcase name="User is on netbanking login page" classname="Home page default login #8" time="0.062">
    <system-out><![CDATA[
@smoke @sanity @mobile
Scenario Outline: Home page default login               # src/test/java/features/login.feature:42
before mobile
User is on netbanking login page success
]]></system-out>
  </testcase>
  <testcase name="User log in into application with koe and koe123" classname="Home page default login #8" time="0.002">
    <system-out><![CDATA[  Given User is on netbanking login page                # stepDefinitions.stepDefinition.user_is_on_netbanking_login_page()
koe
koe123
]]></system-out>
  </testcase>
  <testcase name="Homepage is populated" classname="Home page default login #8" time="0">
    <system-out><![CDATA[  When User log in into application with koe and koe123 # stepDefinitions.stepDefinition.user_log_in_into_application_with_and(java.lang.String,java.lang.String)
]]></system-out>
  </testcase>
  <testcase name="Cards displayed &quot;false&quot;" classname="Home page default login #8" time="0.002">
    <system-out><![CDATA[  Then Homepage is populated                            # stepDefinitions.stepDefinition.homepage_is_populated()
false
]]></system-out>
  </testcase>
  <testcase name="" classname="Home page default login #8" time="0.036">
    <system-out><![CDATA[  And Cards displayed "false"                           # stepDefinitions.stepDefinition.cards_displayed_something(java.lang.String)
After mobile
]]></system-out>
  </testcase>
</testsuite>